# JRE version: OpenJDK Runtime Environment Temurin-21.0.8+9 (21.0.8+9) (build 21.0.8+9-LTS)
# Java VM: OpenJDK 64-Bit Server VM Temurin-21.0.8+9 (21.0.8+9-LTS, mixed mode, sharing, tiered, compressed oops, compressed class ptrs, parallel gc, windows-amd64)
GC Precious Log:
 CardTable entry size: 512
 CPUs: 2 total, 2 available
 Memory: 3918M
 Large Page Support: Disabled
 NUMA Support: Disabled
 Compressed Oops: Enabled (32-bit)
 Alignments: Space 512K, Generation 512K, Heap 2M
 Heap Min Capacity: 100M
 Heap Initial Capacity: 100M
 Heap Max Capacity: 2G
 Pre-touch: Disabled
 Parallel Workers: 2
Heap:
 PSYoungGen      total 3072K, used 1003K [0x00000000d5580000, 0x00000000d5b00000, 0x0000000100000000)
  eden space 2560K, 22% used [0x00000000d5580000,0x00000000d560db50,0x00000000d5800000)
  from space 512K, 85% used [0x00000000d5a00000,0x00000000d5a6d200,0x00000000d5a80000)
  to   space 512K, 0% used [0x00000000d5a80000,0x00000000d5a80000,0x00000000d5b00000)
 ParOldGen       total 570880K, used 320757K [0x0000000080000000, 0x00000000a2d80000, 0x00000000d5580000)
  object space 570880K, 56% used [0x0000000080000000,0x000000009393d6f0,0x00000000a2d80000)
 Metaspace       used 88567K, committed 90304K, reserved 1179648K
  class space    used 9025K, committed 9792K, reserved 1048576K
GC Heap History (20 events):
Event: 17826.434 GC heap before
{Heap before GC invocations=1749 (full 5):
 PSYoungGen      total 3584K, used 2592K [0x00000000d5580000, 0x00000000d5b00000, 0x0000000100000000)
  eden space 2560K, 100% used [0x00000000d5580000,0x00000000d5800000,0x00000000d5800000)
  from space 1024K, 3% used [0x00000000d5900000,0x00000000d5908000,0x00000000d5a00000)
  to   space 512K, 0% used [0x00000000d5a80000,0x00000000d5a80000,0x00000000d5b00000)
 ParOldGen       total 570880K, used 319187K [0x0000000080000000, 0x00000000a2d80000, 0x00000000d5580000)
  object space 570880K, 55% used [0x0000000080000000,0x00000000937b4e18,0x00000000a2d80000)
 Metaspace       used 88552K, committed 90240K, reserved 1179648K
  class space    used 9025K, committed 9792K, reserved 1048576K
}
Event: 17826.437 GC heap after
{Heap after GC invocations=1749 (full 5):
 PSYoungGen      total 3072K, used 64K [0x00000000d5580000, 0x00000000d5b00000, 0x0000000100000000)
  eden space 2560K, 0% used [0x00000000d5580000,0x00000000d5580000,0x00000000d5800000)
  from space 512K, 12% used [0x00000000d5a80000,0x00000000d5a90000,0x00000000d5b00000)
  to   space 512K, 0% used [0x00000000d5a00000,0x00000000d5a00000,0x00000000d5a80000)
 ParOldGen       total 570880K, used 319203K [0x0000000080000000, 0x00000000a2d80000, 0x00000000d5580000)
  object space 570880K, 55% used [0x0000000080000000,0x00000000937b8e18,0x00000000a2d80000)
 Metaspace       used 88552K, committed 90240K, reserved 1179648K
  class space    used 9025K, committed 9792K, reserved 1048576K
}
Event: 17827.213 GC heap before
{Heap before GC invocations=1750 (full 5):
 PSYoungGen      total 3072K, used 2623K [0x00000000d5580000, 0x00000000d5b00000, 0x0000000100000000)
  eden space 2560K, 99% used [0x00000000d5580000,0x00000000d57fffe0,0x00000000d5800000)
  from space 512K, 12% used [0x00000000d5a80000,0x00000000d5a90000,0x00000000d5b00000)
  to   space 512K, 0% used [0x00000000d5a00000,0x00000000d5a00000,0x00000000d5a80000)
 ParOldGen       total 570880K, used 319203K [0x0000000080000000, 0x00000000a2d80000, 0x00000000d5580000)
  object space 570880K, 55% used [0x0000000080000000,0x00000000937b8e18,0x00000000a2d80000)
 Metaspace       used 88552K, committed 90240K, reserved 1179648K
  class space    used 9025K, committed 9792K, reserved 1048576K
}
Event: 17827.217 GC heap after
{Heap after GC invocations=1750 (full 5):
 PSYoungGen      total 3072K, used 64K [0x00000000d5580000, 0x00000000d5b00000, 0x0000000100000000)
  eden space 2560K, 0% used [0x00000000d5580000,0x00000000d5580000,0x00000000d5800000)
  from space 512K, 12% used [0x00000000d5a00000,0x00000000d5a10000,0x00000000d5a80000)
  to   space 512K, 0% used [0x00000000d5a80000,0x00000000d5a80000,0x00000000d5b00000)
 ParOldGen       total 570880K, used 319203K [0x0000000080000000, 0x00000000a2d80000, 0x00000000d5580000)
  object space 570880K, 55% used [0x0000000080000000,0x00000000937b8e18,0x00000000a2d80000)
 Metaspace       used 88552K, committed 90240K, reserved 1179648K
  class space    used 9025K, committed 9792K, reserved 1048576K
}
Event: 17830.290 GC heap before
{Heap before GC invocations=1751 (full 5):
 PSYoungGen      total 3072K, used 2619K [0x00000000d5580000, 0x00000000d5b00000, 0x0000000100000000)
  eden space 2560K, 99% used [0x00000000d5580000,0x00000000d57fefb8,0x00000000d5800000)
  from space 512K, 12% used [0x00000000d5a00000,0x00000000d5a10000,0x00000000d5a80000)
  to   space 512K, 0% used [0x00000000d5a80000,0x00000000d5a80000,0x00000000d5b00000)
 ParOldGen       total 570880K, used 319203K [0x0000000080000000, 0x00000000a2d80000, 0x00000000d5580000)
  object space 570880K, 55% used [0x0000000080000000,0x00000000937b8e18,0x00000000a2d80000)
 Metaspace       used 88552K, committed 90240K, reserved 1179648K
  class space    used 9025K, committed 9792K, reserved 1048576K
}
Event: 17830.295 GC heap after
{Heap after GC invocations=1751 (full 5):
 PSYoungGen      total 3072K, used 32K [0x00000000d5580000, 0x00000000d5b00000, 0x0000000100000000)
  eden space 2560K, 0% used [0x00000000d5580000,0x00000000d5580000,0x00000000d5800000)
  from space 512K, 6% used [0x00000000d5a80000,0x00000000d5a88000,0x00000000d5b00000)
  to   space 512K, 0% used [0x00000000d5a00000,0x00000000d5a00000,0x00000000d5a80000)
 ParOldGen       total 570880K, used 319203K [0x0000000080000000, 0x00000000a2d80000, 0x00000000d5580000)
  object space 570880K, 55% used [0x0000000080000000,0x00000000937b8e18,0x00000000a2d80000)
 Metaspace       used 88552K, committed 90240K, reserved 1179648K
  class space    used 9025K, committed 9792K, reserved 1048576K
}
Event: 17830.308 GC heap before
{Heap before GC invocations=1752 (full 5):
 PSYoungGen      total 3072K, used 2592K [0x00000000d5580000, 0x00000000d5b00000, 0x0000000100000000)
  eden space 2560K, 100% used [0x00000000d5580000,0x00000000d5800000,0x00000000d5800000)
  from space 512K, 6% used [0x00000000d5a80000,0x00000000d5a88000,0x00000000d5b00000)
  to   space 512K, 0% used [0x00000000d5a00000,0x00000000d5a00000,0x00000000d5a80000)
 ParOldGen       total 570880K, used 319203K [0x0000000080000000, 0x00000000a2d80000, 0x00000000d5580000)
  object space 570880K, 55% used [0x0000000080000000,0x00000000937b8e18,0x00000000a2d80000)
 Metaspace       used 88552K, committed 90240K, reserved 1179648K
  class space    used 9025K, committed 9792K, reserved 1048576K
}
Event: 17830.311 GC heap after
{Heap after GC invocations=1752 (full 5):
 PSYoungGen      total 3072K, used 452K [0x00000000d5580000, 0x00000000d5b00000, 0x0000000100000000)
  eden space 2560K, 0% used [0x00000000d5580000,0x00000000d5580000,0x00000000d5800000)
  from space 512K, 88% used [0x00000000d5a00000,0x00000000d5a71230,0x00000000d5a80000)
  to   space 512K, 0% used [0x00000000d5a80000,0x00000000d5a80000,0x00000000d5b00000)
 ParOldGen       total 570880K, used 319219K [0x0000000080000000, 0x00000000a2d80000, 0x00000000d5580000)
  object space 570880K, 55% used [0x0000000080000000,0x00000000937bce18,0x00000000a2d80000)
 Metaspace       used 88552K, committed 90240K, reserved 1179648K
  class space    used 9025K, committed 9792K, reserved 1048576K
}
Event: 17830.340 GC heap before
{Heap before GC invocations=1753 (full 5):
 PSYoungGen      total 3072K, used 3012K [0x00000000d5580000, 0x00000000d5b00000, 0x0000000100000000)
  eden space 2560K, 100% used [0x00000000d5580000,0x00000000d5800000,0x00000000d5800000)
  from space 512K, 88% used [0x00000000d5a00000,0x00000000d5a71230,0x00000000d5a80000)
  to   space 512K, 0% used [0x00000000d5a80000,0x00000000d5a80000,0x00000000d5b00000)
 ParOldGen       total 570880K, used 319219K [0x0000000080000000, 0x00000000a2d80000, 0x00000000d5580000)
  object space 570880K, 55% used [0x0000000080000000,0x00000000937bce18,0x00000000a2d80000)
 Metaspace       used 88566K, committed 90304K, reserved 1179648K
  class space    used 9025K, committed 9792K, reserved 1048576K
}
Event: 17830.345 GC heap after
{Heap after GC invocations=1753 (full 5):
 PSYoungGen      total 3072K, used 420K [0x00000000d5580000, 0x00000000d5b00000, 0x0000000100000000)
  eden space 2560K, 0% used [0x00000000d5580000,0x00000000d5580000,0x00000000d5800000)
  from space 512K, 82% used [0x00000000d5a80000,0x00000000d5ae9210,0x00000000d5b00000)
  to   space 512K, 0% used [0x00000000d5a00000,0x00000000d5a00000,0x00000000d5a80000)
 ParOldGen       total 570880K, used 319624K [0x0000000080000000, 0x00000000a2d80000, 0x00000000d5580000)
  object space 570880K, 55% used [0x0000000080000000,0x0000000093822048,0x00000000a2d80000)
 Metaspace       used 88566K, committed 90304K, reserved 1179648K
  class space    used 9025K, committed 9792K, reserved 1048576K
}
Event: 17830.373 GC heap before
{Heap before GC invocations=1754 (full 5):
 PSYoungGen      total 3072K, used 2980K [0x00000000d5580000, 0x00000000d5b00000, 0x0000000100000000)
  eden space 2560K, 100% used [0x00000000d5580000,0x00000000d5800000,0x00000000d5800000)
  from space 512K, 82% used [0x00000000d5a80000,0x00000000d5ae9210,0x00000000d5b00000)
  to   space 512K, 0% used [0x00000000d5a00000,0x00000000d5a00000,0x00000000d5a80000)
 ParOldGen       total 570880K, used 319624K [0x0000000080000000, 0x00000000a2d80000, 0x00000000d5580000)
  object space 570880K, 55% used [0x0000000080000000,0x0000000093822048,0x00000000a2d80000)
 Metaspace       used 88566K, committed 90304K, reserved 1179648K
  class space    used 9025K, committed 9792K, reserved 1048576K
}
Event: 17830.376 GC heap after
{Heap after GC invocations=1754 (full 5):
 PSYoungGen      total 3072K, used 144K [0x00000000d5580000, 0x00000000d5b00000, 0x0000000100000000)
  eden space 2560K, 0% used [0x00000000d5580000,0x00000000d5580000,0x00000000d5800000)
  from space 512K, 28% used [0x00000000d5a00000,0x00000000d5a24010,0x00000000d5a80000)
  to   space 512K, 0% used [0x00000000d5a80000,0x00000000d5a80000,0x00000000d5b00000)
 ParOldGen       total 570880K, used 319912K [0x0000000080000000, 0x00000000a2d80000, 0x00000000d5580000)
  object space 570880K, 56% used [0x0000000080000000,0x000000009386a048,0x00000000a2d80000)
 Metaspace       used 88566K, committed 90304K, reserved 1179648K
  class space    used 9025K, committed 9792K, reserved 1048576K
}
Event: 17830.391 GC heap before
{Heap before GC invocations=1755 (full 5):
 PSYoungGen      total 3072K, used 2704K [0x00000000d5580000, 0x00000000d5b00000, 0x0000000100000000)
  eden space 2560K, 100% used [0x00000000d5580000,0x00000000d5800000,0x00000000d5800000)
  from space 512K, 28% used [0x00000000d5a00000,0x00000000d5a24010,0x00000000d5a80000)
  to   space 512K, 0% used [0x00000000d5a80000,0x00000000d5a80000,0x00000000d5b00000)
 ParOldGen       total 570880K, used 319912K [0x0000000080000000, 0x00000000a2d80000, 0x00000000d5580000)
  object space 570880K, 56% used [0x0000000080000000,0x000000009386a048,0x00000000a2d80000)
 Metaspace       used 88566K, committed 90304K, reserved 1179648K
  class space    used 9025K, committed 9792K, reserved 1048576K
}
Event: 17830.394 GC heap after
{Heap after GC invocations=1755 (full 5):
 PSYoungGen      total 3072K, used 490K [0x00000000d5580000, 0x00000000d5b00000, 0x0000000100000000)
  eden space 2560K, 0% used [0x00000000d5580000,0x00000000d5580000,0x00000000d5800000)
  from space 512K, 95% used [0x00000000d5a80000,0x00000000d5afa910,0x00000000d5b00000)
  to   space 1024K, 0% used [0x00000000d5900000,0x00000000d5900000,0x00000000d5a00000)
 ParOldGen       total 570880K, used 319984K [0x0000000080000000, 0x00000000a2d80000, 0x00000000d5580000)
  object space 570880K, 56% used [0x0000000080000000,0x000000009387c058,0x00000000a2d80000)
 Metaspace       used 88566K, committed 90304K, reserved 1179648K
  class space    used 9025K, committed 9792K, reserved 1048576K
}
Event: 17831.878 GC heap before
{Heap before GC invocations=1756 (full 5):
 PSYoungGen      total 3072K, used 3049K [0x00000000d5580000, 0x00000000d5b00000, 0x0000000100000000)
  eden space 2560K, 99% used [0x00000000d5580000,0x00000000d57ffc60,0x00000000d5800000)
  from space 512K, 95% used [0x00000000d5a80000,0x00000000d5afa910,0x00000000d5b00000)
  to   space 1024K, 0% used [0x00000000d5900000,0x00000000d5900000,0x00000000d5a00000)
 ParOldGen       total 570880K, used 319984K [0x0000000080000000, 0x00000000a2d80000, 0x00000000d5580000)
  object space 570880K, 56% used [0x0000000080000000,0x000000009387c058,0x00000000a2d80000)
 Metaspace       used 88567K, committed 90304K, reserved 1179648K
  class space    used 9025K, committed 9792K, reserved 1048576K
}
Event: 17831.884 GC heap after
{Heap after GC invocations=1756 (full 5):
 PSYoungGen      total 3584K, used 276K [0x00000000d5580000, 0x00000000d5b00000, 0x0000000100000000)
  eden space 2560K, 0% used [0x00000000d5580000,0x00000000d5580000,0x00000000d5800000)
  from space 1024K, 27% used [0x00000000d5900000,0x00000000d5945200,0x00000000d5a00000)
  to   space 512K, 0% used [0x00000000d5a80000,0x00000000d5a80000,0x00000000d5b00000)
 ParOldGen       total 570880K, used 320476K [0x0000000080000000, 0x00000000a2d80000, 0x00000000d5580000)
  object space 570880K, 56% used [0x0000000080000000,0x00000000938f7268,0x00000000a2d80000)
 Metaspace       used 88567K, committed 90304K, reserved 1179648K
  class space    used 9025K, committed 9792K, reserved 1048576K
}
Event: 17831.895 GC heap before
{Heap before GC invocations=1757 (full 5):
 PSYoungGen      total 3584K, used 2836K [0x00000000d5580000, 0x00000000d5b00000, 0x0000000100000000)
  eden space 2560K, 99% used [0x00000000d5580000,0x00000000d57fff90,0x00000000d5800000)
  from space 1024K, 27% used [0x00000000d5900000,0x00000000d5945200,0x00000000d5a00000)
  to   space 512K, 0% used [0x00000000d5a80000,0x00000000d5a80000,0x00000000d5b00000)
 ParOldGen       total 570880K, used 320476K [0x0000000080000000, 0x00000000a2d80000, 0x00000000d5580000)
  object space 570880K, 56% used [0x0000000080000000,0x00000000938f7268,0x00000000a2d80000)
 Metaspace       used 88567K, committed 90304K, reserved 1179648K
  class space    used 9025K, committed 9792K, reserved 1048576K
}
Event: 17831.900 GC heap after
{Heap after GC invocations=1757 (full 5):
 PSYoungGen      total 3072K, used 352K [0x00000000d5580000, 0x00000000d5b00000, 0x0000000100000000)
  eden space 2560K, 0% used [0x00000000d5580000,0x00000000d5580000,0x00000000d5800000)
  from space 512K, 68% used [0x00000000d5a80000,0x00000000d5ad8000,0x00000000d5b00000)
  to   space 512K, 0% used [0x00000000d5a00000,0x00000000d5a00000,0x00000000d5a80000)
 ParOldGen       total 570880K, used 320741K [0x0000000080000000, 0x00000000a2d80000, 0x00000000d5580000)
  object space 570880K, 56% used [0x0000000080000000,0x00000000939396f0,0x00000000a2d80000)
 Metaspace       used 88567K, committed 90304K, reserved 1179648K
  class space    used 9025K, committed 9792K, reserved 1048576K
}
Event: 17831.927 GC heap before
{Heap before GC invocations=1758 (full 5):
 PSYoungGen      total 3072K, used 2912K [0x00000000d5580000, 0x00000000d5b00000, 0x0000000100000000)
  eden space 2560K, 100% used [0x00000000d5580000,0x00000000d5800000,0x00000000d5800000)
  from space 512K, 68% used [0x00000000d5a80000,0x00000000d5ad8000,0x00000000d5b00000)
  to   space 512K, 0% used [0x00000000d5a00000,0x00000000d5a00000,0x00000000d5a80000)
 ParOldGen       total 570880K, used 320741K [0x0000000080000000, 0x00000000a2d80000, 0x00000000d5580000)
  object space 570880K, 56% used [0x0000000080000000,0x00000000939396f0,0x00000000a2d80000)
 Metaspace       used 88567K, committed 90304K, reserved 1179648K
  class space    used 9025K, committed 9792K, reserved 1048576K
}
Event: 17831.933 GC heap after
{Heap after GC invocations=1758 (full 5):
 PSYoungGen      total 3072K, used 436K [0x00000000d5580000, 0x00000000d5b00000, 0x0000000100000000)
  eden space 2560K, 0% used [0x00000000d5580000,0x00000000d5580000,0x00000000d5800000)
  from space 512K, 85% used [0x00000000d5a00000,0x00000000d5a6d200,0x00000000d5a80000)
  to   space 512K, 0% used [0x00000000d5a80000,0x00000000d5a80000,0x00000000d5b00000)
 ParOldGen       total 570880K, used 320757K [0x0000000080000000, 0x00000000a2d80000, 0x00000000d5580000)
  object space 570880K, 56% used [0x0000000080000000,0x000000009393d6f0,0x00000000a2d80000)
 Metaspace       used 88567K, committed 90304K, reserved 1179648K
  class space    used 9025K, committed 9792K, reserved 1048576K
}

